Using pre-set license
Built from '2021.1/staging' branch; Version is '2021.1.5f1 (3737af19df53) revision 3618735'; Using compiler version '192528614'; Build Type 'Release'
OS: 'Windows 10 Pro; OS build 19042.928; Version 2009; 64bit' Language: 'en' Physical Memory: 32702 MB
BatchMode: 1, IsHumanControllingUs: 0, StartBugReporterOnCrash: 0, Is64bit: 1, IsPro: 0

 COMMAND LINE ARGUMENTS:
C:\Program Files\Unity\Hub\Editor\2021.1.5f1\Editor\Unity.exe
-adb2
-batchMode
-noUpm
-name
AssetImportWorker1
-projectPath
C:/Users/ofeka/Desktop/Studies/Jams/TemperatureJam
-logFile
Logs/AssetImportWorker1.log
-srvPort
53393
Successfully changed project path to: C:/Users/ofeka/Desktop/Studies/Jams/TemperatureJam
C:/Users/ofeka/Desktop/Studies/Jams/TemperatureJam
Using Asset Import Pipeline V2.
Refreshing native plugins compatible for Editor in 102.55 ms, found 2 plugins.
Preloading 0 native plugins for Editor in 0.00 ms.
Initialize engine version: 2021.1.5f1 (3737af19df53)
[Subsystems] Discovering subsystems at path C:/Program Files/Unity/Hub/Editor/2021.1.5f1/Editor/Data/Resources/UnitySubsystems
[Subsystems] Discovering subsystems at path C:/Users/ofeka/Desktop/Studies/Jams/TemperatureJam/Assets
GfxDevice: creating device client; threaded=0; jobified=0
Direct3D:
    Version:  Direct3D 11.0 [level 11.1]
    Renderer: NVIDIA GeForce RTX 2060 SUPER (ID=0x1f06)
    Vendor:   NVIDIA
    VRAM:     8031 MB
    Driver:   27.21.14.6172
Shader 'Universal Render Pipeline/Particles/Lit': fallback shader 'Universal Render Pipeline/Particles/SimpleLit' not found
Initialize mono
Mono path[0] = 'C:/Program Files/Unity/Hub/Editor/2021.1.5f1/Editor/Data/Managed'
Mono path[1] = 'C:/Program Files/Unity/Hub/Editor/2021.1.5f1/Editor/Data/MonoBleedingEdge/lib/mono/unityjit'
Mono config path = 'C:/Program Files/Unity/Hub/Editor/2021.1.5f1/Editor/Data/MonoBleedingEdge/etc'
Using monoOptions --debugger-agent=transport=dt_socket,embedding=1,server=y,suspend=n,address=127.0.0.1:56828
Begin MonoManager ReloadAssembly
Registering precompiled unity dll's ...
Register platform support module: C:/Program Files/Unity/Hub/Editor/2021.1.5f1/Editor/Data/PlaybackEngines/WindowsStandaloneSupport/UnityEditor.WindowsStandalone.Extensions.dll
Registered in 0.001733 seconds.
Native extension for WindowsStandalone target not found
Refreshing native plugins compatible for Editor in 107.14 ms, found 2 plugins.
Preloading 0 native plugins for Editor in 0.00 ms.
Mono: successfully reloaded assembly
- Completed reload, in  1.219 seconds
Platform modules already initialized, skipping
Registering precompiled user dll's ...
Registered in 0.003350 seconds.
Begin MonoManager ReloadAssembly
Native extension for WindowsStandalone target not found
Refreshing native plugins compatible for Editor in 104.87 ms, found 2 plugins.
Preloading 0 native plugins for Editor in 0.00 ms.
Mono: successfully reloaded assembly
- Completed reload, in  1.056 seconds
Platform modules already initialized, skipping
========================================================================
Worker process is ready to serve import requests
Shader 'Universal Render Pipeline/Particles/Lit': fallback shader 'Universal Render Pipeline/Particles/SimpleLit' not found
Launched and connected shader compiler UnityShaderCompiler.exe after 0.04 seconds
Refreshing native plugins compatible for Editor in 1.04 ms, found 2 plugins.
Preloading 0 native plugins for Editor in 0.00 ms.
Unloading 4482 Unused Serialized files (Serialized files now loaded: 0)
System memory in use before: 170.4 MB.
System memory in use after: 170.5 MB.

Unloading 29 unused Assets to reduce memory usage. Loaded Objects now: 4936.
Total: 3.189900 ms (FindLiveObjects: 0.501100 ms CreateObjectMapping: 0.113300 ms MarkObjects: 2.410700 ms  DeleteObjects: 0.163500 ms)

========================================================================
Received Import Request.
  path: Assets/LavaProjectile.prefab
  artifactKey: Guid(665a2b9a98945aa4f803bd32642436a0) Importer(815301076,1909f56bfc062723c751e8b465ee728b)
Start importing Assets/LavaProjectile.prefab using Guid(665a2b9a98945aa4f803bd32642436a0) Importer(815301076,1909f56bfc062723c751e8b465ee728b)  -> (artifact id: '849ad0d0164a93d0f60c3a7f226a0d7a') in 0.091247 seconds 
========================================================================
Received Import Request.
  Time since last request: 0.000164 seconds.
  path: Assets/IceProjectile.prefab
  artifactKey: Guid(b4e398de069543146b936efb38a7e034) Importer(815301076,1909f56bfc062723c751e8b465ee728b)
Start importing Assets/IceProjectile.prefab using Guid(b4e398de069543146b936efb38a7e034) Importer(815301076,1909f56bfc062723c751e8b465ee728b)  -> (artifact id: 'ea8b92fe9b94c86217001234bc1ae933') in 0.012095 seconds 
========================================================================
Received Import Request.
  Time since last request: 0.045155 seconds.
  path: Assets/Scripts/Projectile.cs
  artifactKey: Guid(56fba10990a2be549ab87738d349272a) Importer(815301076,1909f56bfc062723c751e8b465ee728b)
Start importing Assets/Scripts/Projectile.cs using Guid(56fba10990a2be549ab87738d349272a) Importer(815301076,1909f56bfc062723c751e8b465ee728b)  -> (artifact id: 'cd924f76ce658b8ba834ac56cafafe45') in 0.009591 seconds 
========================================================================
Received Import Request.
  Time since last request: 13.792294 seconds.
  path: Assets/Scripts/Player
  artifactKey: Guid(42452a9a50274f54da77fbe90c91ea64) Importer(815301076,1909f56bfc062723c751e8b465ee728b)
Start importing Assets/Scripts/Player using Guid(42452a9a50274f54da77fbe90c91ea64) Importer(815301076,1909f56bfc062723c751e8b465ee728b)  -> (artifact id: '4c7e2e88466de490936afa956672e878') in 0.006245 seconds 
========================================================================
Received Prepare
Registering precompiled user dll's ...
Registered in 0.003137 seconds.
Begin MonoManager ReloadAssembly
Native extension for WindowsStandalone target not found
Refreshing native plugins compatible for Editor in 0.98 ms, found 2 plugins.
Preloading 0 native plugins for Editor in 0.00 ms.
Mono: successfully reloaded assembly
- Completed reload, in  0.892 seconds
Platform modules already initialized, skipping
Shader 'Universal Render Pipeline/Particles/Lit': fallback shader 'Universal Render Pipeline/Particles/SimpleLit' not found
Refreshing native plugins compatible for Editor in 1.76 ms, found 2 plugins.
Preloading 0 native plugins for Editor in 0.00 ms.
Unloading 4422 Unused Serialized files (Serialized files now loaded: 0)
System memory in use before: 169.0 MB.
System memory in use after: 169.1 MB.

Unloading 17 unused Assets to reduce memory usage. Loaded Objects now: 4947.
Total: 6.059200 ms (FindLiveObjects: 0.868400 ms CreateObjectMapping: 0.150200 ms MarkObjects: 4.845300 ms  DeleteObjects: 0.193100 ms)

========================================================================
Received Import Request.
  Time since last request: 15.187991 seconds.
  path: Assets/Scripts/Components
  artifactKey: Guid(11b7669e0fe1e7346a66c7fb6eb0e211) Importer(815301076,1909f56bfc062723c751e8b465ee728b)
Start importing Assets/Scripts/Components using Guid(11b7669e0fe1e7346a66c7fb6eb0e211) Importer(815301076,1909f56bfc062723c751e8b465ee728b)  -> (artifact id: '67c63a4d91f02227435dfb56da88f992') in 0.011586 seconds 
========================================================================
Received Import Request.
  Time since last request: 1.177897 seconds.
  path: Assets/Scripts/Movement.cs
  artifactKey: Guid(0d51ea28f95f1b740ac0e0967939b973) Importer(815301076,1909f56bfc062723c751e8b465ee728b)
Start importing Assets/Scripts/Movement.cs using Guid(0d51ea28f95f1b740ac0e0967939b973) Importer(815301076,1909f56bfc062723c751e8b465ee728b)  -> (artifact id: '2eafdd76c45c88569666e97346cdae1d') in 0.006883 seconds 
========================================================================
Received Import Request.
  Time since last request: 1.342892 seconds.
  path: Assets/Scripts/Shooter.cs
  artifactKey: Guid(caead229b72b8b24a9efd22f06cb3f94) Importer(815301076,1909f56bfc062723c751e8b465ee728b)
Start importing Assets/Scripts/Shooter.cs using Guid(caead229b72b8b24a9efd22f06cb3f94) Importer(815301076,1909f56bfc062723c751e8b465ee728b)  -> (artifact id: '07a5f291a232f17407e1ae30721ee5a7') in 0.006357 seconds 
========================================================================
Received Prepare
Registering precompiled user dll's ...
Registered in 0.003794 seconds.
Begin MonoManager ReloadAssembly
Native extension for WindowsStandalone target not found
Refreshing native plugins compatible for Editor in 1.00 ms, found 2 plugins.
Preloading 0 native plugins for Editor in 0.00 ms.
Mono: successfully reloaded assembly
- Completed reload, in  0.885 seconds
Platform modules already initialized, skipping
Shader 'Universal Render Pipeline/Particles/Lit': fallback shader 'Universal Render Pipeline/Particles/SimpleLit' not found
Refreshing native plugins compatible for Editor in 1.04 ms, found 2 plugins.
Preloading 0 native plugins for Editor in 0.00 ms.
Unloading 4422 Unused Serialized files (Serialized files now loaded: 0)
System memory in use before: 169.1 MB.
System memory in use after: 169.2 MB.

Unloading 17 unused Assets to reduce memory usage. Loaded Objects now: 4951.
Total: 3.271800 ms (FindLiveObjects: 0.457100 ms CreateObjectMapping: 0.114300 ms MarkObjects: 2.574100 ms  DeleteObjects: 0.124600 ms)

========================================================================
Received Prepare
Registering precompiled user dll's ...
Registered in 0.004248 seconds.
Begin MonoManager ReloadAssembly
Native extension for WindowsStandalone target not found
Refreshing native plugins compatible for Editor in 1.90 ms, found 2 plugins.
Preloading 0 native plugins for Editor in 0.00 ms.
Mono: successfully reloaded assembly
- Completed reload, in  0.959 seconds
Platform modules already initialized, skipping
Shader 'Universal Render Pipeline/Particles/Lit': fallback shader 'Universal Render Pipeline/Particles/SimpleLit' not found
Refreshing native plugins compatible for Editor in 1.21 ms, found 2 plugins.
Preloading 0 native plugins for Editor in 0.00 ms.
Unloading 4422 Unused Serialized files (Serialized files now loaded: 0)
System memory in use before: 169.1 MB.
System memory in use after: 169.2 MB.

Unloading 17 unused Assets to reduce memory usage. Loaded Objects now: 4955.
Total: 3.224700 ms (FindLiveObjects: 0.449600 ms CreateObjectMapping: 0.114400 ms MarkObjects: 2.544400 ms  DeleteObjects: 0.115400 ms)

